0 info it worked if it ends with ok
1 verbose cli [ '/Users/hugh/.nvm/v0.10.24/bin/node',
1 verbose cli   '/Users/hugh/.nvm/v0.10.24/bin/npm',
1 verbose cli   'publish' ]
2 info using npm@1.3.21
3 info using node@v0.10.24
4 verbose publish [ '.' ]
5 verbose cache add [ '.', null ]
6 verbose cache add name=undefined spec="." args=[".",null]
7 verbose parsed url { protocol: null,
7 verbose parsed url   slashes: null,
7 verbose parsed url   auth: null,
7 verbose parsed url   host: null,
7 verbose parsed url   port: null,
7 verbose parsed url   hostname: null,
7 verbose parsed url   hash: null,
7 verbose parsed url   search: null,
7 verbose parsed url   query: null,
7 verbose parsed url   pathname: '.',
7 verbose parsed url   path: '.',
7 verbose parsed url   href: '.' }
8 silly lockFile 3a52ce78- .
9 verbose lock . /Users/hugh/.npm/3a52ce78-.lock
10 verbose tar pack [ '/var/folders/vy/g_p0t2m93p7112_b8xp0n97r0000gn/T/npm-7963-Dhgwg-lF/1404349272096-0.8359684161841869/tmp.tgz',
10 verbose tar pack   '.' ]
11 verbose tarball /var/folders/vy/g_p0t2m93p7112_b8xp0n97r0000gn/T/npm-7963-Dhgwg-lF/1404349272096-0.8359684161841869/tmp.tgz
12 verbose folder .
13 info prepublish grooveshark@0.0.1
14 silly lockFile 1f1177db-tar tar://.
15 verbose lock tar://. /Users/hugh/.npm/1f1177db-tar.lock
16 silly lockFile 43108a3e-72096-0-8359684161841869-tmp-tgz tar:///var/folders/vy/g_p0t2m93p7112_b8xp0n97r0000gn/T/npm-7963-Dhgwg-lF/1404349272096-0.8359684161841869/tmp.tgz
17 verbose lock tar:///var/folders/vy/g_p0t2m93p7112_b8xp0n97r0000gn/T/npm-7963-Dhgwg-lF/1404349272096-0.8359684161841869/tmp.tgz /Users/hugh/.npm/43108a3e-72096-0-8359684161841869-tmp-tgz.lock
18 silly lockFile 1f1177db-tar tar://.
19 silly lockFile 1f1177db-tar tar://.
20 silly lockFile 43108a3e-72096-0-8359684161841869-tmp-tgz tar:///var/folders/vy/g_p0t2m93p7112_b8xp0n97r0000gn/T/npm-7963-Dhgwg-lF/1404349272096-0.8359684161841869/tmp.tgz
21 silly lockFile 43108a3e-72096-0-8359684161841869-tmp-tgz tar:///var/folders/vy/g_p0t2m93p7112_b8xp0n97r0000gn/T/npm-7963-Dhgwg-lF/1404349272096-0.8359684161841869/tmp.tgz
22 verbose tar unpack /var/folders/vy/g_p0t2m93p7112_b8xp0n97r0000gn/T/npm-7963-Dhgwg-lF/1404349272096-0.8359684161841869/tmp.tgz
23 silly lockFile 3f95efcc-72096-0-8359684161841869-package tar:///var/folders/vy/g_p0t2m93p7112_b8xp0n97r0000gn/T/npm-7963-Dhgwg-lF/1404349272096-0.8359684161841869/package
24 verbose lock tar:///var/folders/vy/g_p0t2m93p7112_b8xp0n97r0000gn/T/npm-7963-Dhgwg-lF/1404349272096-0.8359684161841869/package /Users/hugh/.npm/3f95efcc-72096-0-8359684161841869-package.lock
25 silly lockFile 43108a3e-72096-0-8359684161841869-tmp-tgz tar:///var/folders/vy/g_p0t2m93p7112_b8xp0n97r0000gn/T/npm-7963-Dhgwg-lF/1404349272096-0.8359684161841869/tmp.tgz
26 verbose lock tar:///var/folders/vy/g_p0t2m93p7112_b8xp0n97r0000gn/T/npm-7963-Dhgwg-lF/1404349272096-0.8359684161841869/tmp.tgz /Users/hugh/.npm/43108a3e-72096-0-8359684161841869-tmp-tgz.lock
27 silly gunzTarPerm modes [ '755', '644' ]
28 silly gunzTarPerm extractEntry package.json
29 silly gunzTarPerm extractEntry index.js
30 silly gunzTarPerm extractEntry Readme.md
31 silly lockFile 3f95efcc-72096-0-8359684161841869-package tar:///var/folders/vy/g_p0t2m93p7112_b8xp0n97r0000gn/T/npm-7963-Dhgwg-lF/1404349272096-0.8359684161841869/package
32 silly lockFile 3f95efcc-72096-0-8359684161841869-package tar:///var/folders/vy/g_p0t2m93p7112_b8xp0n97r0000gn/T/npm-7963-Dhgwg-lF/1404349272096-0.8359684161841869/package
33 silly lockFile 43108a3e-72096-0-8359684161841869-tmp-tgz tar:///var/folders/vy/g_p0t2m93p7112_b8xp0n97r0000gn/T/npm-7963-Dhgwg-lF/1404349272096-0.8359684161841869/tmp.tgz
34 silly lockFile 43108a3e-72096-0-8359684161841869-tmp-tgz tar:///var/folders/vy/g_p0t2m93p7112_b8xp0n97r0000gn/T/npm-7963-Dhgwg-lF/1404349272096-0.8359684161841869/tmp.tgz
35 verbose tar pack [ '/Users/hugh/.npm/grooveshark/0.0.1/package.tgz',
35 verbose tar pack   '/var/folders/vy/g_p0t2m93p7112_b8xp0n97r0000gn/T/npm-7963-Dhgwg-lF/1404349272096-0.8359684161841869/package' ]
36 verbose tarball /Users/hugh/.npm/grooveshark/0.0.1/package.tgz
37 verbose folder /var/folders/vy/g_p0t2m93p7112_b8xp0n97r0000gn/T/npm-7963-Dhgwg-lF/1404349272096-0.8359684161841869/package
38 silly lockFile 3f95efcc-72096-0-8359684161841869-package tar:///var/folders/vy/g_p0t2m93p7112_b8xp0n97r0000gn/T/npm-7963-Dhgwg-lF/1404349272096-0.8359684161841869/package
39 verbose lock tar:///var/folders/vy/g_p0t2m93p7112_b8xp0n97r0000gn/T/npm-7963-Dhgwg-lF/1404349272096-0.8359684161841869/package /Users/hugh/.npm/3f95efcc-72096-0-8359684161841869-package.lock
40 silly lockFile 83886b74-pm-grooveshark-0-0-1-package-tgz tar:///Users/hugh/.npm/grooveshark/0.0.1/package.tgz
41 verbose lock tar:///Users/hugh/.npm/grooveshark/0.0.1/package.tgz /Users/hugh/.npm/83886b74-pm-grooveshark-0-0-1-package-tgz.lock
42 silly lockFile 3f95efcc-72096-0-8359684161841869-package tar:///var/folders/vy/g_p0t2m93p7112_b8xp0n97r0000gn/T/npm-7963-Dhgwg-lF/1404349272096-0.8359684161841869/package
43 silly lockFile 3f95efcc-72096-0-8359684161841869-package tar:///var/folders/vy/g_p0t2m93p7112_b8xp0n97r0000gn/T/npm-7963-Dhgwg-lF/1404349272096-0.8359684161841869/package
44 silly lockFile 83886b74-pm-grooveshark-0-0-1-package-tgz tar:///Users/hugh/.npm/grooveshark/0.0.1/package.tgz
45 silly lockFile 83886b74-pm-grooveshark-0-0-1-package-tgz tar:///Users/hugh/.npm/grooveshark/0.0.1/package.tgz
46 silly lockFile b5018f0f-gh-npm-grooveshark-0-0-1-package /Users/hugh/.npm/grooveshark/0.0.1/package
47 verbose lock /Users/hugh/.npm/grooveshark/0.0.1/package /Users/hugh/.npm/b5018f0f-gh-npm-grooveshark-0-0-1-package.lock
48 silly lockFile b5018f0f-gh-npm-grooveshark-0-0-1-package /Users/hugh/.npm/grooveshark/0.0.1/package
49 silly lockFile b5018f0f-gh-npm-grooveshark-0-0-1-package /Users/hugh/.npm/grooveshark/0.0.1/package
50 verbose tar unpack /Users/hugh/.npm/grooveshark/0.0.1/package.tgz
51 silly lockFile a4c19ecf-gh-npm-grooveshark-0-0-1-package tar:///Users/hugh/.npm/grooveshark/0.0.1/package
52 verbose lock tar:///Users/hugh/.npm/grooveshark/0.0.1/package /Users/hugh/.npm/a4c19ecf-gh-npm-grooveshark-0-0-1-package.lock
53 silly lockFile 83886b74-pm-grooveshark-0-0-1-package-tgz tar:///Users/hugh/.npm/grooveshark/0.0.1/package.tgz
54 verbose lock tar:///Users/hugh/.npm/grooveshark/0.0.1/package.tgz /Users/hugh/.npm/83886b74-pm-grooveshark-0-0-1-package-tgz.lock
55 silly gunzTarPerm modes [ '755', '644' ]
56 silly gunzTarPerm extractEntry package.json
57 silly gunzTarPerm extractEntry index.js
58 silly gunzTarPerm extractEntry Readme.md
59 silly lockFile a4c19ecf-gh-npm-grooveshark-0-0-1-package tar:///Users/hugh/.npm/grooveshark/0.0.1/package
60 silly lockFile a4c19ecf-gh-npm-grooveshark-0-0-1-package tar:///Users/hugh/.npm/grooveshark/0.0.1/package
61 silly lockFile 83886b74-pm-grooveshark-0-0-1-package-tgz tar:///Users/hugh/.npm/grooveshark/0.0.1/package.tgz
62 silly lockFile 83886b74-pm-grooveshark-0-0-1-package-tgz tar:///Users/hugh/.npm/grooveshark/0.0.1/package.tgz
63 verbose chmod /Users/hugh/.npm/grooveshark/0.0.1/package.tgz 644
64 verbose chown /Users/hugh/.npm/grooveshark/0.0.1/package.tgz [ 501, 20 ]
65 silly lockFile 3a52ce78- .
66 silly lockFile 3a52ce78- .
67 silly publish { name: 'grooveshark',
67 silly publish   id: 'grooveshark',
67 silly publish   version: '0.0.1',
67 silly publish   description: 'Quick \'n dirty JS wrapper for the Grooveshark API.',
67 silly publish   keywords:
67 silly publish    [ 'grooveshark',
67 silly publish      'grooveshark api',
67 silly publish      'grooveshark wrapper',
67 silly publish      'music' ],
67 silly publish   author: { name: 'Hugh Rawlinson', email: 'hugh@codeoclock.net' },
67 silly publish   repository:
67 silly publish    { type: 'git',
67 silly publish      url: 'git://github.com/hughrawlinson/grooveshark.git',
67 silly publish      web: 'https://github.com/hughrawlinson/grooveshark' },
67 silly publish   bugs: { url: 'http://github.com/hughrawlinson/grooveshark/issues/' },
67 silly publish   directories: { lib: './' },
67 silly publish   licenses: [ { type: 'MIT', url: 'http://opensource.org/licenses/MIT' } ],
67 silly publish   readmeFilename: 'Readme.md',
67 silly publish   homepage: 'https://github.com/hughrawlinson/grooveshark',
67 silly publish   _id: 'grooveshark@0.0.1',
67 silly publish   readme: '# Grooveshark JS\n\nA quick \'n dirty JS wrapper for the Grooveshark API, which sadly is not RESTful.\n\n## Usage\n```javascript\nvar gs = grooveshark(config.grooveshark.key,config.grooveshark.secret);\ngs.makeRequest({\n        method:\'getUserIDFromUsername\',\n        parameters:{\n            username:\'hughrawlinson\'\n        }\n    }, function(error,response,data){\n        console.log(data);\n    }\n);\n```\n![Simples!](http://www.arenaswimclub.com.au/wp-content/uploads/2013/10/simples.jpg)\n## License\nMIT.\n\n## Thanks\n* The folks at Grooveshark for giving me an API key. Much appreciated.\n* The makers of the fine packages that are Request and Crypto.\n',
67 silly publish   dist: { shasum: '0a316f0acc459f7eed6ec8ba2a33e59b5ce290ea' },
67 silly publish   _from: '.' }
68 verbose url raw grooveshark
69 verbose url resolving [ 'https://registry.npmjs.org/', './grooveshark' ]
70 verbose url resolved https://registry.npmjs.org/grooveshark
71 info trying registry request attempt 1 at 02:01:12
72 http PUT https://registry.npmjs.org/grooveshark
73 http 403 https://registry.npmjs.org/grooveshark
74 info trying registry request attempt 1 at 02:01:14
75 http PUT https://registry.npmjs.org/grooveshark
76 http 403 https://registry.npmjs.org/grooveshark
77 error publish Failed PUT 403
78 error Error: forbidden cannot modify pre-existing version: 0.0.1
78 error old={"name":"grooveshark","version":"0.0.1","description":"A package for interacting with the Grooveshark API.","main":"./lib/grooveshark","scripts":{"test":"./node_modules/.bin/jasmine-node --coffee spec"},"repository":{"type":"git","url":"https://github.com/theycallmeswift/grooveshark.git"},"keywords":["Grooveshark","API","Music"],"author":{"name":"Swift","email":"theycallmeswift@gmail.com"},"license":"MIT","dependencies":{"request":"~2.10.0"},"devDependencies":{"nock":"~0.13.3","jasmine-node":"~1.0.26"},"readme":"# Grooveshark\u000a\u000aThis is a package for interacting with the [Grooveshark V3 API](http://developers.grooveshark.com/docs/public_api/v3/) using node.js.\u000a\u000a## Installation\u000a\u000a    npm install grooveshark\u000a\u000a## Usage\u000a\u000a    var gs = require('grooveshark')\u000a      , client = new gs('your_api_key', 'your_api_secret');\u000a\u000a    client.authenticate('your_grooveshark_username', 'you_grooveshark_password', function(err) {\u000a      client.request('someMethod', {param1: 'foobar', param2: 1234}, function(err, status, body) {\u000a        if(err) {\u000a          throw err\u000a        }\u000a\u000a        console.log(body);\u000a      });\u000a    })\u000a","_id":"grooveshark@0.0.1","dist":{"shasum":"53bfbbfa7e9f11bda1f2413f68c0a0b941c8879e","tarball":"http://registry.npmjs.org/grooveshark/-/grooveshark-0.0.1.tgz"},"_npmVersion":"1.1.49","_npmUser":{"name":"theycallmeswift","email":"theycallmeswift@gmail.com"},"maintainers":[{"name":"theycallmeswift","email":"theycallmeswift@gmail.com"}]}
78 error new={"name":"grooveshark","id":"grooveshark","version":"0.0.1","description":"Quick 'n dirty JS wrapper for the Grooveshark API.","keywords":["grooveshark","grooveshark api","grooveshark wrapper","music"],"author":{"name":"Hugh Rawlinson","email":"hugh@codeoclock.net"},"repository":{"type":"git","url":"git://github.com/hughrawlinson/grooveshark.git","web":"https://github.com/hughrawlinson/grooveshark"},"bugs":{"url":"http://github.com/hughrawlinson/grooveshark/issues/"},"directories":{"lib":"./"},"licenses":[{"type":"MIT","url":"http://opensource.org/licenses/MIT"}],"readmeFilename":"Readme.md","homepage":"https://github.com/hughrawlinson/grooveshark","_id":"grooveshark@0.0.1","readme":"# Grooveshark JS\u000a\u000aA quick 'n dirty JS wrapper for the Grooveshark API, which sadly is not RESTful.\u000a\u000a## Usage\u000a```javascript\u000avar gs = grooveshark(config.grooveshark.key,config.grooveshark.secret);\u000ags.makeRequest({\u000a        method:'getUserIDFromUsername',\u000a        parameters:{\u000a            username:'hughrawlinson'\u000a        }\u000a    }, function(error,response,data){\u000a        console.log(data);\u000a    }\u000a);\u000a```\u000a![Simples!](http://www.arenaswimclub.com.au/wp-content/uploads/2013/10/simples.jpg)\u000a## License\u000aMIT.\u000a\u000a## Thanks\u000a* The folks at Grooveshark for giving me an API key. Much appreciated.\u000a* The makers of the fine packages that are Request and Crypto.\u000a","dist":{"shasum":"0a316f0acc459f7eed6ec8ba2a33e59b5ce290ea","tarball":"http://registry.npmjs.org/grooveshark/-/grooveshark-0.0.1.tgz"},"_from":".","_npmVersion":"1.3.21","_npmUser":{"name":"hughrawlinson","email":"hugh@codeoclock.net"},"maintainers":[{"name":"hughrawlinson","email":"hugh@codeoclock.net"}]}: grooveshark
78 error     at RegClient.<anonymous> (/Users/hugh/.nvm/v0.10.24/lib/node_modules/npm/node_modules/npm-registry-client/lib/request.js:275:14)
78 error     at Request.self.callback (/Users/hugh/.nvm/v0.10.24/lib/node_modules/npm/node_modules/request/request.js:123:22)
78 error     at Request.EventEmitter.emit (events.js:98:17)
78 error     at Request.<anonymous> (/Users/hugh/.nvm/v0.10.24/lib/node_modules/npm/node_modules/request/request.js:893:14)
78 error     at Request.EventEmitter.emit (events.js:117:20)
78 error     at IncomingMessage.<anonymous> (/Users/hugh/.nvm/v0.10.24/lib/node_modules/npm/node_modules/request/request.js:844:12)
78 error     at IncomingMessage.EventEmitter.emit (events.js:117:20)
78 error     at _stream_readable.js:920:16
78 error     at process._tickCallback (node.js:415:13)
79 error If you need help, you may report this *entire* log,
79 error including the npm and node versions, at:
79 error     <http://github.com/isaacs/npm/issues>
80 error System Darwin 13.3.0
81 error command "/Users/hugh/.nvm/v0.10.24/bin/node" "/Users/hugh/.nvm/v0.10.24/bin/npm" "publish"
82 error cwd /Users/hugh/Documents/Development/node/grooveshark-js
83 error node -v v0.10.24
84 error npm -v 1.3.21
85 verbose exit [ 1, true ]
